[debug] [2021-05-02T12:13:17.636Z] ----------------------------------------------------------------------
[debug] [2021-05-02T12:13:17.637Z] Command:       /Users/david/.nvm/versions/node/v12.15.0/bin/node /Users/david/.nvm/versions/node/v12.15.0/bin/firebase emulators:start --only functions
[debug] [2021-05-02T12:13:17.638Z] CLI Version:   9.10.0
[debug] [2021-05-02T12:13:17.638Z] Platform:      darwin
[debug] [2021-05-02T12:13:17.638Z] Node Version:  v12.15.0
[debug] [2021-05-02T12:13:17.638Z] Time:          Sun May 02 2021 15:13:17 GMT+0300 (Moscow Standard Time)
[debug] [2021-05-02T12:13:17.638Z] ----------------------------------------------------------------------
[debug] 
[debug] [2021-05-02T12:13:17.646Z] > command requires scopes: ["email","openid","https://www.googleapis.com/auth/cloudplatformprojects.readonly","https://www.googleapis.com/auth/firebase","https://www.googleapis.com/auth/cloud-platform"]
[debug] [2021-05-02T12:13:17.646Z] > authorizing via signed-in user (david@qureos.com)
[info] i  emulators: Starting emulators: functions {"metadata":{"emulator":{"name":"hub"},"message":"Starting emulators: functions"}}
[debug] [2021-05-02T12:13:17.658Z] [hub] writing locator at /var/folders/lv/cctbx73x4698r9n97rtpydyh0000gn/T/hub-qureos-sandbox.json
[warn] ⚠  functions: The following emulators are not running, calls to these services from the Functions emulator will affect production: auth, firestore, database, hosting, pubsub {"metadata":{"emulator":{"name":"functions"},"message":"The following emulators are not running, calls to these services from the Functions emulator will affect production: \u001b[1mauth, firestore, database, hosting, pubsub\u001b[22m"}}
[warn] ⚠  Your requested "node" version "10" doesn't match your global version "12" {"metadata":{"emulator":{"name":"functions"},"message":"Your requested \"node\" version \"10\" doesn't match your global version \"12\""}}
[debug] [2021-05-02T12:13:17.675Z] defaultcredentials: writing to file /Users/david/.config/firebase/david_qureos_com_application_default_credentials.json
[debug] [2021-05-02T12:13:17.686Z] Setting GAC to /Users/david/.config/firebase/david_qureos_com_application_default_credentials.json {"metadata":{"emulator":{"name":"functions"},"message":"Setting GAC to /Users/david/.config/firebase/david_qureos_com_application_default_credentials.json"}}
[debug] [2021-05-02T12:13:17.688Z] > refreshing access token with scopes: []
[debug] [2021-05-02T12:13:17.688Z] >>> HTTP REQUEST POST https://www.googleapis.com/oauth2/v3/token  
 <request body omitted>
[debug] [2021-05-02T12:13:17.835Z] <<< HTTP RESPONSE 200 {"pragma":"no-cache","expires":"Mon, 01 Jan 1990 00:00:00 GMT","date":"Sun, 02 May 2021 12:13:17 GMT","cache-control":"no-cache, no-store, max-age=0, must-revalidate","content-type":"application/json; charset=utf-8","vary":"X-Origin, Referer, Origin,Accept-Encoding","server":"scaffolding on HTTPServer2","x-xss-protection":"0","x-frame-options":"SAMEORIGIN","x-content-type-options":"nosniff","alt-svc":"h3-29=\":443\"; ma=2592000,h3-T051=\":443\"; ma=2592000,h3-Q050=\":443\"; ma=2592000,h3-Q046=\":443\"; ma=2592000,h3-Q043=\":443\"; ma=2592000,quic=\":443\"; ma=2592000; v=\"46,43\"","accept-ranges":"none","transfer-encoding":"chunked"}
[debug] [2021-05-02T12:13:17.896Z] >>> [apiv2][query] GET https://firebase.googleapis.com/v1beta1/projects/qureos-sandbox/adminSdkConfig [none]
[debug] [2021-05-02T12:13:18.311Z] <<< [apiv2][status] GET https://firebase.googleapis.com/v1beta1/projects/qureos-sandbox/adminSdkConfig 200
[debug] [2021-05-02T12:13:18.311Z] <<< [apiv2][body] GET https://firebase.googleapis.com/v1beta1/projects/qureos-sandbox/adminSdkConfig {"projectId":"qureos-sandbox","databaseURL":"https://qureos-sandbox-default-rtdb.europe-west1.firebasedatabase.app","storageBucket":"qureos-sandbox.appspot.com","locationId":"europe-west"}
[warn] ⚠  ui: Emulator UI unable to start on port 4000, starting on 4002 instead. {"metadata":{"emulator":{"name":"ui"},"message":"Emulator UI unable to start on port 4000, starting on 4002 instead."}}
[debug] [2021-05-02T12:13:18.609Z] Ignoring unsupported arg: auto_download {"metadata":{"emulator":{"name":"ui"},"message":"Ignoring unsupported arg: auto_download"}}
[debug] [2021-05-02T12:13:18.609Z] Ignoring unsupported arg: port {"metadata":{"emulator":{"name":"ui"},"message":"Ignoring unsupported arg: port"}}
[debug] [2021-05-02T12:13:18.609Z] Starting Emulator UI with command {"binary":"node","args":["/Users/david/.cache/firebase/emulators/ui-v1.4.2/server.bundle.js"],"optionalArgs":[],"joinArgs":false} {"metadata":{"emulator":{"name":"ui"},"message":"Starting Emulator UI with command {\"binary\":\"node\",\"args\":[\"/Users/david/.cache/firebase/emulators/ui-v1.4.2/server.bundle.js\"],\"optionalArgs\":[],\"joinArgs\":false}"}}
[info] i  ui: Emulator UI logging to ui-debug.log {"metadata":{"emulator":{"name":"ui"},"message":"Emulator UI logging to \u001b[1mui-debug.log\u001b[22m"}}
[debug] [2021-05-02T12:13:18.710Z] Web / API server started at http://localhost:4002
 {"metadata":{"emulator":{"name":"ui"},"message":"Web / API server started at http://localhost:4002\n"}}
[info] i  functions: Watching "/Users/david/Sites/Qureos/testing/next-app" for Cloud Functions... {"metadata":{"emulator":{"name":"functions"},"message":"Watching \"/Users/david/Sites/Qureos/testing/next-app\" for Cloud Functions..."}}
[debug] [2021-05-02T12:13:18.886Z] [worker-pool] addWorker(~diagnostic~) {"metadata":{"emulator":{"name":"functions"},"message":"[worker-pool] addWorker(~diagnostic~)"}}
[debug] [2021-05-02T12:13:18.887Z] [worker-pool] Adding worker with key ~diagnostic~, total=1 {"metadata":{"emulator":{"name":"functions"},"message":"[worker-pool] Adding worker with key ~diagnostic~, total=1"}}
[debug] [2021-05-02T12:13:18.887Z] [worker-pool] submitWork(triggerId=) {"metadata":{"emulator":{"name":"functions"},"message":"[worker-pool] submitWork(triggerId=)"}}
[debug] [2021-05-02T12:13:18.888Z] [worker-~diagnostic~-d70c754c-ff39-4ea6-9d3c-45fcc795b878]: Assigning socketPath: /var/folders/lv/cctbx73x4698r9n97rtpydyh0000gn/T/fire_emu_9611.sock {"metadata":{"emulator":{"name":"functions"},"message":"[worker-~diagnostic~-d70c754c-ff39-4ea6-9d3c-45fcc795b878]: Assigning socketPath: /var/folders/lv/cctbx73x4698r9n97rtpydyh0000gn/T/fire_emu_9611.sock"}}
[debug] [2021-05-02T12:13:18.888Z] [worker-~diagnostic~-d70c754c-ff39-4ea6-9d3c-45fcc795b878]: BUSY {"metadata":{"emulator":{"name":"functions"},"message":"[worker-~diagnostic~-d70c754c-ff39-4ea6-9d3c-45fcc795b878]: BUSY"}}
[debug] [2021-05-02T12:13:19.018Z] [runtime-status] [9611] Functions runtime initialized. {"cwd":"/Users/david/Sites/Qureos/testing/next-app","node_version":"12.15.0"} {"metadata":{"emulator":{"name":"functions"},"message":"[runtime-status] [9611] Functions runtime initialized. {\"cwd\":\"/Users/david/Sites/Qureos/testing/next-app\",\"node_version\":\"12.15.0\"}"}}
[debug] [2021-05-02T12:13:19.018Z] [runtime-status] [9611] Disabled runtime features: undefined {"metadata":{"emulator":{"name":"functions"},"message":"[runtime-status] [9611] Disabled runtime features: undefined"}}
[debug] [2021-05-02T12:13:19.020Z] [runtime-status] [9611] Resolved module firebase-admin {"declared":true,"installed":true,"version":"9.7.0","resolution":"/Users/david/Sites/Qureos/testing/next-app/node_modules/firebase-admin/lib/index.js"} {"metadata":{"emulator":{"name":"functions"},"message":"[runtime-status] [9611] Resolved module firebase-admin {\"declared\":true,\"installed\":true,\"version\":\"9.7.0\",\"resolution\":\"/Users/david/Sites/Qureos/testing/next-app/node_modules/firebase-admin/lib/index.js\"}"}}
[debug] [2021-05-02T12:13:19.021Z] [runtime-status] [9611] Resolved module firebase-functions {"declared":true,"installed":true,"version":"3.13.2","resolution":"/Users/david/Sites/Qureos/testing/next-app/node_modules/firebase-functions/lib/index.js"} {"metadata":{"emulator":{"name":"functions"},"message":"[runtime-status] [9611] Resolved module firebase-functions {\"declared\":true,\"installed\":true,\"version\":\"3.13.2\",\"resolution\":\"/Users/david/Sites/Qureos/testing/next-app/node_modules/firebase-functions/lib/index.js\"}"}}
[debug] [2021-05-02T12:13:19.022Z] [runtime-status] [9611] Resolved module firebase-functions {"declared":true,"installed":true,"version":"3.13.2","resolution":"/Users/david/Sites/Qureos/testing/next-app/node_modules/firebase-functions/lib/index.js"} {"metadata":{"emulator":{"name":"functions"},"message":"[runtime-status] [9611] Resolved module firebase-functions {\"declared\":true,\"installed\":true,\"version\":\"3.13.2\",\"resolution\":\"/Users/david/Sites/Qureos/testing/next-app/node_modules/firebase-functions/lib/index.js\"}"}}
[debug] [2021-05-02T12:13:19.023Z] [runtime-status] [9611] Outgoing network have been stubbed. [{"name":"http","status":"mocked"},{"name":"http","status":"mocked"},{"name":"https","status":"mocked"},{"name":"https","status":"mocked"},{"name":"net","status":"mocked"}] {"metadata":{"emulator":{"name":"functions"},"message":"[runtime-status] [9611] Outgoing network have been stubbed. [{\"name\":\"http\",\"status\":\"mocked\"},{\"name\":\"http\",\"status\":\"mocked\"},{\"name\":\"https\",\"status\":\"mocked\"},{\"name\":\"https\",\"status\":\"mocked\"},{\"name\":\"net\",\"status\":\"mocked\"}]"}}
[debug] [2021-05-02T12:13:19.023Z] [runtime-status] [9611] Resolved module firebase-functions {"declared":true,"installed":true,"version":"3.13.2","resolution":"/Users/david/Sites/Qureos/testing/next-app/node_modules/firebase-functions/lib/index.js"} {"metadata":{"emulator":{"name":"functions"},"message":"[runtime-status] [9611] Resolved module firebase-functions {\"declared\":true,\"installed\":true,\"version\":\"3.13.2\",\"resolution\":\"/Users/david/Sites/Qureos/testing/next-app/node_modules/firebase-functions/lib/index.js\"}"}}
[debug] [2021-05-02T12:13:19.071Z] [runtime-status] [9611] Checked functions.config() {"config":{}} {"metadata":{"emulator":{"name":"functions"},"message":"[runtime-status] [9611] Checked functions.config() {\"config\":{}}"}}
[debug] [2021-05-02T12:13:19.071Z] [runtime-status] [9611] firebase-functions has been stubbed. {"functionsResolution":{"declared":true,"installed":true,"version":"3.13.2","resolution":"/Users/david/Sites/Qureos/testing/next-app/node_modules/firebase-functions/lib/index.js"}} {"metadata":{"emulator":{"name":"functions"},"message":"[runtime-status] [9611] firebase-functions has been stubbed. {\"functionsResolution\":{\"declared\":true,\"installed\":true,\"version\":\"3.13.2\",\"resolution\":\"/Users/david/Sites/Qureos/testing/next-app/node_modules/firebase-functions/lib/index.js\"}}"}}
[debug] [2021-05-02T12:13:19.072Z] [runtime-status] [9611] Resolved module firebase-functions {"declared":true,"installed":true,"version":"3.13.2","resolution":"/Users/david/Sites/Qureos/testing/next-app/node_modules/firebase-functions/lib/index.js"} {"metadata":{"emulator":{"name":"functions"},"message":"[runtime-status] [9611] Resolved module firebase-functions {\"declared\":true,\"installed\":true,\"version\":\"3.13.2\",\"resolution\":\"/Users/david/Sites/Qureos/testing/next-app/node_modules/firebase-functions/lib/index.js\"}"}}
[debug] [2021-05-02T12:13:19.072Z] [runtime-status] [9611] Resolved module firebase-admin {"declared":true,"installed":true,"version":"9.7.0","resolution":"/Users/david/Sites/Qureos/testing/next-app/node_modules/firebase-admin/lib/index.js"} {"metadata":{"emulator":{"name":"functions"},"message":"[runtime-status] [9611] Resolved module firebase-admin {\"declared\":true,\"installed\":true,\"version\":\"9.7.0\",\"resolution\":\"/Users/david/Sites/Qureos/testing/next-app/node_modules/firebase-admin/lib/index.js\"}"}}
[debug] [2021-05-02T12:13:19.073Z] [runtime-status] [9611] Resolved module firebase-functions {"declared":true,"installed":true,"version":"3.13.2","resolution":"/Users/david/Sites/Qureos/testing/next-app/node_modules/firebase-functions/lib/index.js"} {"metadata":{"emulator":{"name":"functions"},"message":"[runtime-status] [9611] Resolved module firebase-functions {\"declared\":true,\"installed\":true,\"version\":\"3.13.2\",\"resolution\":\"/Users/david/Sites/Qureos/testing/next-app/node_modules/firebase-functions/lib/index.js\"}"}}
[debug] [2021-05-02T12:13:19.073Z] [runtime-status] [9611] firebase-admin has been stubbed. {"adminResolution":{"declared":true,"installed":true,"version":"9.7.0","resolution":"/Users/david/Sites/Qureos/testing/next-app/node_modules/firebase-admin/lib/index.js"}} {"metadata":{"emulator":{"name":"functions"},"message":"[runtime-status] [9611] firebase-admin has been stubbed. {\"adminResolution\":{\"declared\":true,\"installed\":true,\"version\":\"9.7.0\",\"resolution\":\"/Users/david/Sites/Qureos/testing/next-app/node_modules/firebase-admin/lib/index.js\"}}"}}
[info] ✔  functions[nextjsFunc]: http function initialized (http://localhost:5001/qureos-sandbox/us-central1/nextjsFunc). {"metadata":{"emulator":{"name":"functions"},"message":"\u001b[1mhttp\u001b[22m function initialized (http://localhost:5001/qureos-sandbox/us-central1/nextjsFunc)."}}
[info] ✔  functions[hello]: http function initialized (http://localhost:5001/qureos-sandbox/us-central1/hello). {"metadata":{"emulator":{"name":"functions"},"message":"\u001b[1mhttp\u001b[22m function initialized (http://localhost:5001/qureos-sandbox/us-central1/hello)."}}
[info] 
┌─────────────────────────────────────────────────────────────┐
│ ✔  All emulators ready! It is now safe to connect your app. │
│ i  View Emulator UI at http://localhost:4002                │
└─────────────────────────────────────────────────────────────┘

┌───────────┬────────────────┬─────────────────────────────────┐
│ Emulator  │ Host:Port      │ View in Emulator UI             │
├───────────┼────────────────┼─────────────────────────────────┤
│ Functions │ localhost:5001 │ http://localhost:4002/functions │
└───────────┴────────────────┴─────────────────────────────────┘
  Emulator Hub running at localhost:4400
  Other reserved ports: 4500

Issues? Report them at https://github.com/firebase/firebase-tools/issues and attach the *-debug.log files.
 
[debug] [2021-05-02T12:13:19.133Z] [worker-~diagnostic~-d70c754c-ff39-4ea6-9d3c-45fcc795b878]: IDLE {"metadata":{"emulator":{"name":"functions"},"message":"[worker-~diagnostic~-d70c754c-ff39-4ea6-9d3c-45fcc795b878]: IDLE"}}
[debug] [2021-05-02T12:13:28.101Z] [work-queue] {"queueLength":1,"workRunningCount":0}
[debug] [2021-05-02T12:13:28.101Z] [work-queue] {"queueLength":0,"workRunningCount":1}
[debug] [2021-05-02T12:13:28.102Z] Accepted request GET /qureos-sandbox/us-central1/hello --> hello
[debug] [2021-05-02T12:13:28.108Z] [worker-pool] addWorker(hello) {"metadata":{"emulator":{"name":"functions"},"message":"[worker-pool] addWorker(hello)"}}
[debug] [2021-05-02T12:13:28.109Z] [worker-pool] Adding worker with key hello, total=1 {"metadata":{"emulator":{"name":"functions"},"message":"[worker-pool] Adding worker with key hello, total=1"}}
[debug] [2021-05-02T12:13:28.109Z] [worker-pool] submitWork(triggerId=hello) {"metadata":{"emulator":{"name":"functions"},"message":"[worker-pool] submitWork(triggerId=hello)"}}
[debug] [2021-05-02T12:13:28.109Z] [worker-hello-db2025ef-dc71-4bc0-afe4-16daaabe9742]: Assigning socketPath: /var/folders/lv/cctbx73x4698r9n97rtpydyh0000gn/T/fire_emu_9745.sock {"metadata":{"emulator":{"name":"functions"},"message":"[worker-hello-db2025ef-dc71-4bc0-afe4-16daaabe9742]: Assigning socketPath: /var/folders/lv/cctbx73x4698r9n97rtpydyh0000gn/T/fire_emu_9745.sock"}}
[debug] [2021-05-02T12:13:28.109Z] [worker-hello-db2025ef-dc71-4bc0-afe4-16daaabe9742]: BUSY {"metadata":{"emulator":{"name":"functions"},"message":"[worker-hello-db2025ef-dc71-4bc0-afe4-16daaabe9742]: BUSY"}}
[debug] [2021-05-02T12:13:28.243Z] [runtime-status] [9745] Functions runtime initialized. {"cwd":"/Users/david/Sites/Qureos/testing/next-app","node_version":"12.15.0"} {"metadata":{"emulator":{"name":"functions"},"function":{"name":"hello"},"message":"[runtime-status] [9745] Functions runtime initialized. {\"cwd\":\"/Users/david/Sites/Qureos/testing/next-app\",\"node_version\":\"12.15.0\"}"}}
[debug] [2021-05-02T12:13:28.244Z] [runtime-status] [9745] Disabled runtime features: undefined {"metadata":{"emulator":{"name":"functions"},"function":{"name":"hello"},"message":"[runtime-status] [9745] Disabled runtime features: undefined"}}
[debug] [2021-05-02T12:13:28.245Z] [runtime-status] [9745] Resolved module firebase-admin {"declared":true,"installed":true,"version":"9.7.0","resolution":"/Users/david/Sites/Qureos/testing/next-app/node_modules/firebase-admin/lib/index.js"} {"metadata":{"emulator":{"name":"functions"},"function":{"name":"hello"},"message":"[runtime-status] [9745] Resolved module firebase-admin {\"declared\":true,\"installed\":true,\"version\":\"9.7.0\",\"resolution\":\"/Users/david/Sites/Qureos/testing/next-app/node_modules/firebase-admin/lib/index.js\"}"}}
[debug] [2021-05-02T12:13:28.246Z] [runtime-status] [9745] Resolved module firebase-functions {"declared":true,"installed":true,"version":"3.13.2","resolution":"/Users/david/Sites/Qureos/testing/next-app/node_modules/firebase-functions/lib/index.js"} {"metadata":{"emulator":{"name":"functions"},"function":{"name":"hello"},"message":"[runtime-status] [9745] Resolved module firebase-functions {\"declared\":true,\"installed\":true,\"version\":\"3.13.2\",\"resolution\":\"/Users/david/Sites/Qureos/testing/next-app/node_modules/firebase-functions/lib/index.js\"}"}}
[debug] [2021-05-02T12:13:28.246Z] [runtime-status] [9745] Resolved module firebase-functions {"declared":true,"installed":true,"version":"3.13.2","resolution":"/Users/david/Sites/Qureos/testing/next-app/node_modules/firebase-functions/lib/index.js"} {"metadata":{"emulator":{"name":"functions"},"function":{"name":"hello"},"message":"[runtime-status] [9745] Resolved module firebase-functions {\"declared\":true,\"installed\":true,\"version\":\"3.13.2\",\"resolution\":\"/Users/david/Sites/Qureos/testing/next-app/node_modules/firebase-functions/lib/index.js\"}"}}
[debug] [2021-05-02T12:13:28.248Z] [runtime-status] [9745] Outgoing network have been stubbed. [{"name":"http","status":"mocked"},{"name":"http","status":"mocked"},{"name":"https","status":"mocked"},{"name":"https","status":"mocked"},{"name":"net","status":"mocked"}] {"metadata":{"emulator":{"name":"functions"},"function":{"name":"hello"},"message":"[runtime-status] [9745] Outgoing network have been stubbed. [{\"name\":\"http\",\"status\":\"mocked\"},{\"name\":\"http\",\"status\":\"mocked\"},{\"name\":\"https\",\"status\":\"mocked\"},{\"name\":\"https\",\"status\":\"mocked\"},{\"name\":\"net\",\"status\":\"mocked\"}]"}}
[debug] [2021-05-02T12:13:28.248Z] [runtime-status] [9745] Resolved module firebase-functions {"declared":true,"installed":true,"version":"3.13.2","resolution":"/Users/david/Sites/Qureos/testing/next-app/node_modules/firebase-functions/lib/index.js"} {"metadata":{"emulator":{"name":"functions"},"function":{"name":"hello"},"message":"[runtime-status] [9745] Resolved module firebase-functions {\"declared\":true,\"installed\":true,\"version\":\"3.13.2\",\"resolution\":\"/Users/david/Sites/Qureos/testing/next-app/node_modules/firebase-functions/lib/index.js\"}"}}
[debug] [2021-05-02T12:13:28.275Z] [runtime-status] [9745] Checked functions.config() {"config":{}} {"metadata":{"emulator":{"name":"functions"},"function":{"name":"hello"},"message":"[runtime-status] [9745] Checked functions.config() {\"config\":{}}"}}
[debug] [2021-05-02T12:13:28.276Z] [runtime-status] [9745] firebase-functions has been stubbed. {"functionsResolution":{"declared":true,"installed":true,"version":"3.13.2","resolution":"/Users/david/Sites/Qureos/testing/next-app/node_modules/firebase-functions/lib/index.js"}} {"metadata":{"emulator":{"name":"functions"},"function":{"name":"hello"},"message":"[runtime-status] [9745] firebase-functions has been stubbed. {\"functionsResolution\":{\"declared\":true,\"installed\":true,\"version\":\"3.13.2\",\"resolution\":\"/Users/david/Sites/Qureos/testing/next-app/node_modules/firebase-functions/lib/index.js\"}}"}}
[debug] [2021-05-02T12:13:28.276Z] [runtime-status] [9745] Resolved module firebase-functions {"declared":true,"installed":true,"version":"3.13.2","resolution":"/Users/david/Sites/Qureos/testing/next-app/node_modules/firebase-functions/lib/index.js"} {"metadata":{"emulator":{"name":"functions"},"function":{"name":"hello"},"message":"[runtime-status] [9745] Resolved module firebase-functions {\"declared\":true,\"installed\":true,\"version\":\"3.13.2\",\"resolution\":\"/Users/david/Sites/Qureos/testing/next-app/node_modules/firebase-functions/lib/index.js\"}"}}
[debug] [2021-05-02T12:13:28.276Z] [runtime-status] [9745] Resolved module firebase-admin {"declared":true,"installed":true,"version":"9.7.0","resolution":"/Users/david/Sites/Qureos/testing/next-app/node_modules/firebase-admin/lib/index.js"} {"metadata":{"emulator":{"name":"functions"},"function":{"name":"hello"},"message":"[runtime-status] [9745] Resolved module firebase-admin {\"declared\":true,\"installed\":true,\"version\":\"9.7.0\",\"resolution\":\"/Users/david/Sites/Qureos/testing/next-app/node_modules/firebase-admin/lib/index.js\"}"}}
[debug] [2021-05-02T12:13:28.277Z] [runtime-status] [9745] Resolved module firebase-functions {"declared":true,"installed":true,"version":"3.13.2","resolution":"/Users/david/Sites/Qureos/testing/next-app/node_modules/firebase-functions/lib/index.js"} {"metadata":{"emulator":{"name":"functions"},"function":{"name":"hello"},"message":"[runtime-status] [9745] Resolved module firebase-functions {\"declared\":true,\"installed\":true,\"version\":\"3.13.2\",\"resolution\":\"/Users/david/Sites/Qureos/testing/next-app/node_modules/firebase-functions/lib/index.js\"}"}}
[debug] [2021-05-02T12:13:28.277Z] [runtime-status] [9745] firebase-admin has been stubbed. {"adminResolution":{"declared":true,"installed":true,"version":"9.7.0","resolution":"/Users/david/Sites/Qureos/testing/next-app/node_modules/firebase-admin/lib/index.js"}} {"metadata":{"emulator":{"name":"functions"},"function":{"name":"hello"},"message":"[runtime-status] [9745] firebase-admin has been stubbed. {\"adminResolution\":{\"declared\":true,\"installed\":true,\"version\":\"9.7.0\",\"resolution\":\"/Users/david/Sites/Qureos/testing/next-app/node_modules/firebase-admin/lib/index.js\"}}"}}
[debug] [2021-05-02T12:13:28.298Z] [runtime-status] [9745] Trigger "hello" has been found, beginning invocation! {"metadata":{"emulator":{"name":"functions"},"function":{"name":"hello"},"message":"[runtime-status] [9745] Trigger \"hello\" has been found, beginning invocation!"}}
[info] i  functions: Beginning execution of "hello" {"metadata":{"emulator":{"name":"functions"},"function":{"name":"hello"},"message":"Beginning execution of \"hello\""}}
[debug] [2021-05-02T12:13:28.299Z] [runtime-status] [9745] triggerDefinition {"httpsTrigger":{},"name":"hello","entryPoint":"hello"} {"metadata":{"emulator":{"name":"functions"},"function":{"name":"hello"},"message":"[runtime-status] [9745] triggerDefinition {\"httpsTrigger\":{},\"name\":\"hello\",\"entryPoint\":\"hello\"}"}}
[debug] [2021-05-02T12:13:28.299Z] [runtime-status] [9745] Running hello in mode HTTPS {"metadata":{"emulator":{"name":"functions"},"function":{"name":"hello"},"message":"[runtime-status] [9745] Running hello in mode HTTPS"}}
[debug] [2021-05-02T12:13:28.301Z] [runtime-status] [9745] Attempting to listen to socketPath: /var/folders/lv/cctbx73x4698r9n97rtpydyh0000gn/T/fire_emu_9745.sock {"metadata":{"emulator":{"name":"functions"},"function":{"name":"hello"},"message":"[runtime-status] [9745] Attempting to listen to socketPath: /var/folders/lv/cctbx73x4698r9n97rtpydyh0000gn/T/fire_emu_9745.sock"}}
[debug] [2021-05-02T12:13:28.304Z] [functions] Runtime ready! Sending request! {"metadata":{"emulator":{"name":"functions"},"message":"[functions] Runtime ready! Sending request!"}}
[debug] [2021-05-02T12:13:28.305Z] [functions] Got req.url=/qureos-sandbox/us-central1/hello, mapping to path=/ {"metadata":{"emulator":{"name":"functions"},"message":"[functions] Got req.url=/qureos-sandbox/us-central1/hello, mapping to path=/"}}
[debug] [2021-05-02T12:13:28.309Z] [runtime-status] [9745] Ephemeral server handling GET request {"metadata":{"emulator":{"name":"functions"},"function":{"name":"hello"},"message":"[runtime-status] [9745] Ephemeral server handling GET request"}}
[debug] [2021-05-02T12:13:28.313Z] [runtime-status] [9745] Ephemeral server survived. {"metadata":{"emulator":{"name":"functions"},"function":{"name":"hello"},"message":"[runtime-status] [9745] Ephemeral server survived."}}
[info] i  functions: Finished "hello" in ~1s {"metadata":{"emulator":{"name":"functions"},"function":{"name":"hello"},"message":"Finished \"hello\" in ~1s"}}
[debug] [2021-05-02T12:13:28.315Z] [worker-hello-db2025ef-dc71-4bc0-afe4-16daaabe9742]: IDLE {"metadata":{"emulator":{"name":"functions"},"message":"[worker-hello-db2025ef-dc71-4bc0-afe4-16daaabe9742]: IDLE"}}
[debug] [2021-05-02T12:13:28.315Z] [work-queue] {"queueLength":0,"workRunningCount":0}
[debug] [2021-05-02T12:13:33.943Z] [work-queue] {"queueLength":1,"workRunningCount":0}
[debug] [2021-05-02T12:13:33.943Z] [work-queue] {"queueLength":0,"workRunningCount":1}
[debug] [2021-05-02T12:13:33.943Z] Accepted request GET /qureos-sandbox/us-central1/hello --> hello
[debug] [2021-05-02T12:13:33.943Z] [worker-pool] submitWork(triggerId=hello) {"metadata":{"emulator":{"name":"functions"},"message":"[worker-pool] submitWork(triggerId=hello)"}}
[debug] [2021-05-02T12:13:33.944Z] [worker-hello-db2025ef-dc71-4bc0-afe4-16daaabe9742]: Assigning socketPath: /var/folders/lv/cctbx73x4698r9n97rtpydyh0000gn/T/fire_emu_9745.sock {"metadata":{"emulator":{"name":"functions"},"message":"[worker-hello-db2025ef-dc71-4bc0-afe4-16daaabe9742]: Assigning socketPath: /var/folders/lv/cctbx73x4698r9n97rtpydyh0000gn/T/fire_emu_9745.sock"}}
[debug] [2021-05-02T12:13:33.944Z] [worker-hello-db2025ef-dc71-4bc0-afe4-16daaabe9742]: BUSY {"metadata":{"emulator":{"name":"functions"},"message":"[worker-hello-db2025ef-dc71-4bc0-afe4-16daaabe9742]: BUSY"}}
[debug] [2021-05-02T12:13:33.944Z] [runtime-status] [9745] Trigger "hello" has been found, beginning invocation! {"metadata":{"emulator":{"name":"functions"},"function":{"name":"hello"},"message":"[runtime-status] [9745] Trigger \"hello\" has been found, beginning invocation!"}}
[info] i  functions: Beginning execution of "hello" {"metadata":{"emulator":{"name":"functions"},"function":{"name":"hello"},"message":"Beginning execution of \"hello\""}}
[debug] [2021-05-02T12:13:33.945Z] [runtime-status] [9745] triggerDefinition {"httpsTrigger":{},"name":"hello","entryPoint":"hello"} {"metadata":{"emulator":{"name":"functions"},"function":{"name":"hello"},"message":"[runtime-status] [9745] triggerDefinition {\"httpsTrigger\":{},\"name\":\"hello\",\"entryPoint\":\"hello\"}"}}
[debug] [2021-05-02T12:13:33.945Z] [runtime-status] [9745] Running hello in mode HTTPS {"metadata":{"emulator":{"name":"functions"},"function":{"name":"hello"},"message":"[runtime-status] [9745] Running hello in mode HTTPS"}}
[debug] [2021-05-02T12:13:33.945Z] [runtime-status] [9745] Attempting to listen to socketPath: /var/folders/lv/cctbx73x4698r9n97rtpydyh0000gn/T/fire_emu_9745.sock {"metadata":{"emulator":{"name":"functions"},"function":{"name":"hello"},"message":"[runtime-status] [9745] Attempting to listen to socketPath: /var/folders/lv/cctbx73x4698r9n97rtpydyh0000gn/T/fire_emu_9745.sock"}}
[debug] [2021-05-02T12:13:33.946Z] [functions] Runtime ready! Sending request! {"metadata":{"emulator":{"name":"functions"},"message":"[functions] Runtime ready! Sending request!"}}
[debug] [2021-05-02T12:13:33.946Z] [functions] Got req.url=/qureos-sandbox/us-central1/hello, mapping to path=/ {"metadata":{"emulator":{"name":"functions"},"message":"[functions] Got req.url=/qureos-sandbox/us-central1/hello, mapping to path=/"}}
[debug] [2021-05-02T12:13:33.950Z] [runtime-status] [9745] Ephemeral server handling GET request {"metadata":{"emulator":{"name":"functions"},"function":{"name":"hello"},"message":"[runtime-status] [9745] Ephemeral server handling GET request"}}
[debug] [2021-05-02T12:13:33.951Z] [runtime-status] [9745] Ephemeral server survived. {"metadata":{"emulator":{"name":"functions"},"function":{"name":"hello"},"message":"[runtime-status] [9745] Ephemeral server survived."}}
[info] i  functions: Finished "hello" in ~1s {"metadata":{"emulator":{"name":"functions"},"function":{"name":"hello"},"message":"Finished \"hello\" in ~1s"}}
[debug] [2021-05-02T12:13:33.952Z] [worker-hello-db2025ef-dc71-4bc0-afe4-16daaabe9742]: IDLE {"metadata":{"emulator":{"name":"functions"},"message":"[worker-hello-db2025ef-dc71-4bc0-afe4-16daaabe9742]: IDLE"}}
[debug] [2021-05-02T12:13:33.953Z] [work-queue] {"queueLength":0,"workRunningCount":0}
[debug] [2021-05-02T12:13:34.361Z] Functions emulator received unknown request at path /favicon.ico
